<?xml version="1.0" encoding="UTF-8"?>
<!-- Generated by org.testng.reporters.JUnitReportReporter -->
<testsuite hostname="DESKTOP-UC0PPD7" failures="0" tests="1" name="FrameworkAssignment.LoginTest" time="4.145" errors="0" timestamp="01 Dec 2023 23:34:57 GMT" skipped="0">
  <testcase classname="FrameworkAssignment.LoginTest" name="LoginSuccess" time="4.145"/>
</testsuite> <!-- FrameworkAssignment.LoginTest -->
